#
# A fatal error has been detected by the Java Runtime Environment:
#
#  SIGSEGV (0xb) at pc=0x00007fff9160024c, pid=6547, tid=39951
#
# JRE version: Java(TM) SE Runtime Environment (7.0_51-b13) (build 1.7.0_51-b13)
# Java VM: Java HotSpot(TM) 64-Bit Server VM (24.51-b03 mixed mode bsd-amd64 compressed oops)
# Problematic frame:
# C  [libobjc.A.dylib+0x624c]  objc_msgSend+0xc
#
# Failed to write core dump. Core dumps have been disabled. To enable core dumping, try "ulimit -c unlimited" before starting Java again
#
# If you would like to submit a bug report, please visit:
#   http://bugreport.sun.com/bugreport/crash.jsp
# The crash happened outside the Java Virtual Machine in native code.
# See problematic frame for where to report the bug.
#

---------------  T H R E A D  ---------------

Current thread (0x00007fb6038e7800):  JavaThread "Java2D Queue Flusher" daemon [_thread_in_native, id=39951, stack(0x000000019e035000,0x000000019e135000)]

siginfo:si_signo=SIGSEGV: si_errno=0, si_code=0 (SEGV0), si_addr=0x0000000000000000

Registers:
RAX=0x00007fb6038fc000, RBX=0x00007fb6038e79e8, RCX=0x00007fb6038fc070, RDX=0x00000000a1a1a1a1
RSP=0x000000019e134838, RBP=0x000000019e134860, RSI=0x00007fff96c27082, RDI=0x4000000000000000
R8 =0x0000000000002060, R9 =0x000000019e1347a0, R10=0x000000010af8166c, R11=0x000000010a7b62a7
R12=0x00007fb6038fc068, R13=0x000000010e551558, R14=0x00007fb603038370, R15=0x00007fb603038280
RIP=0x00007fff9160024c, EFLAGS=0x0000000000010246, ERR=0x0000000000000000
  TRAPNO=0x000000000000000d

Top of Stack: (sp=0x000000019e134838)
0x000000019e134838:   000000019a61a4dd 00007fb6030383b0
0x000000019e134848:   0000000000000000 00007fb6038f3410
0x000000019e134858:   00007fb6038e7800 000000019e1348e0
0x000000019e134868:   000000019a60ff16 00007fb6038e7800
0x000000019e134878:   000000000000ab03 00007fb60312bb00
0x000000019e134888:   0000000200000001 000000000eae3178
0x000000019e134898:   0000000000000000 0000000000000000
0x000000019e1348a8:   00007fb6038f3420 0000000100134920
0x000000019e1348b8:   00007fb6038e79e8 000000010e551558
0x000000019e1348c8:   0000000000000000 000000019e134988
0x000000019e1348d8:   00007fb6038e7800 000000019e134950
0x000000019e1348e8:   000000010af81698 00007fb6038e7800
0x000000019e1348f8:   00007fb602429198 000000019e134930
0x000000019e134908:   000000010a8054b3 000000019e134910
0x000000019e134918:   0000000000000000 000000019e134988
0x000000019e134928:   000000010e552d30 0000000000000000
0x000000019e134938:   000000010e551558 0000000000000000
0x000000019e134948:   000000019e134970 000000019e1349d0
0x000000019e134958:   000000010af75058 0000000000000000
0x000000019e134968:   000000010af7dcd8 0000000000000020
0x000000019e134978:   00007fb6038f3400 000000016ae3ff60
0x000000019e134988:   000000016ae3ff48 000000019e134990
0x000000019e134998:   000000010e55163d 000000019e1349e8
0x000000019e1349a8:   000000010e552d30 0000000000000000
0x000000019e1349b8:   000000010e551660 000000019e134970
0x000000019e1349c8:   000000019e1349f0 000000010e1245e0
0x000000019e1349d8:   000000010affb960 0000000000000020
0x000000019e1349e8:   000000016ae3ff48 000000016ae10118
0x000000019e1349f8:   000000016ae10118 0000000100000000
0x000000019e134a08:   000000016ae10118 0000000000000000
0x000000019e134a18:   000000019e134a48 0000000000000001
0x000000019e134a28:   000000010af6f4e7 000000019e134ab0 

Instructions: (pc=0x00007fff9160024c)
0x00007fff9160022c:   90 90 90 90 90 90 90 90 90 90 90 90 90 90 90 90
0x00007fff9160023c:   90 90 90 90 48 85 ff 74 2b 40 f6 c7 01 2e 75 3b
0x00007fff9160024c:   4c 8b 1f 50 4d 8b 53 10 89 f0 41 23 02 4d 8b 5c
0x00007fff9160025c:   c2 10 ff c0 4d 85 db 74 36 49 3b 33 75 ec 58 41 

Register to memory mapping:

RAX=0x00007fb6038fc000 is an unknown value
RBX=0x00007fb6038e79e8 is an unknown value
RCX=0x00007fb6038fc070 is an unknown value
RDX=0x00000000a1a1a1a1 is an unknown value
RSP=0x000000019e134838 is pointing into the stack for thread: 0x00007fb6038e7800
RBP=0x000000019e134860 is pointing into the stack for thread: 0x00007fb6038e7800
RSI=0x00007fff96c27082: NSAppKitVersionNumber+0x144a2 in /System/Library/Frameworks/AppKit.framework/Versions/C/AppKit at 0x00007fff96296000
RDI=0x4000000000000000 is an unknown value
R8 =0x0000000000002060 is an unknown value
R9 =0x000000019e1347a0 is pointing into the stack for thread: 0x00007fb6038e7800
R10=0x000000010af8166c is at code_begin+620 in an Interpreter codelet
method entry point (kind = native)  [0x000000010af81400, 0x000000010af81c40]  2112 bytes
R11=0x000000010a7b62a7: throw_unsatisfied_link_error+0 in /Library/Java/JavaVirtualMachines/jdk1.7.0_51.jdk/Contents/Home/jre/lib/server/libjvm.dylib at 0x000000010a346000
R12=0x00007fb6038fc068 is an unknown value
R13=0x000000010e551558 is an oop
{method} 
 - klass: {other class}
R14=0x00007fb603038370 is an unknown value
R15=0x00007fb603038280 is an unknown value


Stack: [0x000000019e035000,0x000000019e135000],  sp=0x000000019e134838,  free space=1022k
Native frames: (J=compiled Java code, j=interpreted, Vv=VM code, C=native code)
C  [libobjc.A.dylib+0x624c]  objc_msgSend+0xc
C  [liblwawt.dylib+0x7f16]  Java_sun_java2d_opengl_OGLRenderQueue_flushBuffer+0x63a
j  sun.java2d.opengl.OGLRenderQueue.flushBuffer(JI)V+0
j  sun.java2d.opengl.OGLRenderQueue.flushBuffer()V+21

Java frames: (J=compiled Java code, j=interpreted, Vv=VM code)
j  sun.java2d.opengl.OGLRenderQueue.flushBuffer(JI)V+0
j  sun.java2d.opengl.OGLRenderQueue.flushBuffer()V+21
J  sun.java2d.opengl.OGLRenderQueue$QueueFlusher.run()V
v  ~StubRoutines::call_stub

---------------  P R O C E S S  ---------------

Java Threads: ( => current thread )
  0x00007fb602942000 JavaThread "TimerQueue" daemon [_thread_blocked, id=51263, stack(0x00000001a2010000,0x00000001a2110000)]
  0x00007fb6040d6800 JavaThread "AWT-EventQueue-0" [_thread_blocked, id=44803, stack(0x000000019fbb9000,0x000000019fcb9000)]
  0x00007fb604075800 JavaThread "Java2D Disposer" daemon [_thread_blocked, id=43779, stack(0x000000019f664000,0x000000019f764000)]
=>0x00007fb6038e7800 JavaThread "Java2D Queue Flusher" daemon [_thread_in_native, id=39951, stack(0x000000019e035000,0x000000019e135000)]
  0x00007fb604818000 JavaThread "AWT-Shutdown" [_thread_blocked, id=29699, stack(0x000000019b967000,0x000000019ba67000)]
  0x00007fb6038e4800 JavaThread "AppKit Thread" daemon [_thread_in_native, id=1799, stack(0x00007fff551e7000,0x00007fff559e7000)]
  0x00007fb6028a2000 JavaThread "Monitor Ctrl-Break" daemon [_thread_in_native, id=24323, stack(0x000000019a32e000,0x000000019a42e000)]
  0x00007fb603850000 JavaThread "Service Thread" daemon [_thread_blocked, id=23299, stack(0x0000000199f37000,0x000000019a037000)]
  0x00007fb602820000 JavaThread "C2 CompilerThread1" daemon [_thread_blocked, id=22787, stack(0x0000000199e34000,0x0000000199f34000)]
  0x00007fb60281e800 JavaThread "C2 CompilerThread0" daemon [_thread_blocked, id=22275, stack(0x0000000199d31000,0x0000000199e31000)]
  0x00007fb60281d800 JavaThread "Signal Dispatcher" daemon [_thread_blocked, id=21763, stack(0x0000000199c2e000,0x0000000199d2e000)]
  0x00007fb60281b800 JavaThread "Finalizer" daemon [_thread_blocked, id=16899, stack(0x000000019995a000,0x0000000199a5a000)]
  0x00007fb602818800 JavaThread "Reference Handler" daemon [_thread_blocked, id=16387, stack(0x0000000199857000,0x0000000199957000)]
  0x00007fb603807000 JavaThread "main" [_thread_in_native, id=6403, stack(0x000000010ad9a000,0x000000010ae9a000)]

Other Threads:
  0x00007fb602818000 VMThread [stack: 0x0000000199754000,0x0000000199854000] [id=15875]
  0x00007fb603867000 WatcherThread [stack: 0x000000019a03a000,0x000000019a13a000] [id=23811]

VM state:not at safepoint (normal execution)

VM Mutex/Monitor currently owned by a thread: None

Heap
 PSYoungGen      total 38912K, used 6423K [0x0000000168800000, 0x000000016b300000, 0x0000000193300000)
  eden space 33792K, 12% used [0x0000000168800000,0x0000000168c3a270,0x000000016a900000)
  from space 5120K, 40% used [0x000000016ae00000,0x000000016b00bd10,0x000000016b300000)
  to   space 5120K, 0% used [0x000000016a900000,0x000000016a900000,0x000000016ae00000)
 ParOldGen       total 87040K, used 16K [0x0000000113300000, 0x0000000118800000, 0x0000000168800000)
  object space 87040K, 0% used [0x0000000113300000,0x0000000113304000,0x0000000118800000)
 PSPermGen       total 21504K, used 10124K [0x000000010e100000, 0x000000010f600000, 0x0000000113300000)
  object space 21504K, 47% used [0x000000010e100000,0x000000010eae31a0,0x000000010f600000)

Card table byte_map: [0x0000000193300000,0x000000019372a000] byte_map_base: 0x0000000192a8f800

Polling page: 0x000000010aed9000

Code Cache  [0x000000010af6f000, 0x000000010b1df000, 0x000000010df6f000)
 total_blobs=557 nmethods=130 adapters=382 free_code_cache=48391Kb largest_free_block=49525440

Compilation events (10 events):
Event: 8943.948 Thread 0x00007fb60281e800 nmethod 126 0x000000010b02a790 code [0x000000010b02a920, 0x000000010b02b228]
Event: 8943.948 Thread 0x00007fb60281e800  127   !         java.io.PrintStream::newLine (73 bytes)
Event: 8943.950 Thread 0x00007fb602820000 nmethod 124 0x000000010b02f590 code [0x000000010b02f7c0, 0x000000010b0309a0]
Event: 8943.950 Thread 0x00007fb602820000  128             java.io.BufferedWriter::newLine (9 bytes)
Event: 8943.956 Thread 0x00007fb602820000 nmethod 128 0x000000010b028c10 code [0x000000010b028d60, 0x000000010b028e28]
Event: 8943.956 Thread 0x00007fb602820000  129   !         javax.swing.JTextArea::append (28 bytes)
Event: 8943.964 Thread 0x00007fb602820000 nmethod 129 0x000000010b033410 code [0x000000010b0335a0, 0x000000010b033838]
Event: 8943.964 Thread 0x00007fb602820000  130 %           ChatClient::run @ 67 (114 bytes)
Event: 8943.965 Thread 0x00007fb60281e800 nmethod 127 0x000000010b02bed0 code [0x000000010b02c0a0, 0x000000010b02cbf0]
Event: 8943.975 Thread 0x00007fb602820000 nmethod 130% 0x000000010b0323d0 code [0x000000010b0325c0, 0x000000010b032b70]

GC Heap History (4 events):
Event: 8944.371 GC heap before
{Heap before GC invocations=1 (full 0):
 PSYoungGen      total 38912K, used 33792K [0x0000000168800000, 0x000000016b300000, 0x0000000193300000)
  eden space 33792K, 100% used [0x0000000168800000,0x000000016a900000,0x000000016a900000)
  from space 5120K, 0% used [0x000000016ae00000,0x000000016ae00000,0x000000016b300000)
  to   space 5120K, 0% used [0x000000016a900000,0x000000016a900000,0x000000016ae00000)
 ParOldGen       total 87040K, used 0K [0x0000000113300000, 0x0000000118800000, 0x0000000168800000)
  object space 87040K, 0% used [0x0000000113300000,0x0000000113300000,0x0000000118800000)
 PSPermGen       total 21504K, used 10124K [0x000000010e100000, 0x000000010f600000, 0x0000000113300000)
  object space 21504K, 47% used [0x000000010e100000,0x000000010eae3088,0x000000010f600000)
Event: 8944.378 GC heap after
Heap after GC invocations=1 (full 0):
 PSYoungGen      total 38912K, used 2618K [0x0000000168800000, 0x000000016b300000, 0x0000000193300000)
  eden space 33792K, 0% used [0x0000000168800000,0x0000000168800000,0x000000016a900000)
  from space 5120K, 51% used [0x000000016a900000,0x000000016ab8ebe0,0x000000016ae00000)
  to   space 5120K, 0% used [0x000000016ae00000,0x000000016ae00000,0x000000016b300000)
 ParOldGen       total 87040K, used 8K [0x0000000113300000, 0x0000000118800000, 0x0000000168800000)
  object space 87040K, 0% used [0x0000000113300000,0x0000000113302000,0x0000000118800000)
 PSPermGen       total 21504K, used 10124K [0x000000010e100000, 0x000000010f600000, 0x0000000113300000)
  object space 21504K, 47% used [0x000000010e100000,0x000000010eae3088,0x000000010f600000)
}
Event: 8944.951 GC heap before
{Heap before GC invocations=2 (full 0):
 PSYoungGen      total 38912K, used 36410K [0x0000000168800000, 0x000000016b300000, 0x0000000193300000)
  eden space 33792K, 100% used [0x0000000168800000,0x000000016a900000,0x000000016a900000)
  from space 5120K, 51% used [0x000000016a900000,0x000000016ab8ebe0,0x000000016ae00000)
  to   space 5120K, 0% used [0x000000016ae00000,0x000000016ae00000,0x000000016b300000)
 ParOldGen       total 87040K, used 8K [0x0000000113300000, 0x0000000118800000, 0x0000000168800000)
  object space 87040K, 0% used [0x0000000113300000,0x0000000113302000,0x0000000118800000)
 PSPermGen       total 21504K, used 10124K [0x000000010e100000, 0x000000010f600000, 0x0000000113300000)
  object space 21504K, 47% used [0x000000010e100000,0x000000010eae31a0,0x000000010f600000)
Event: 8944.955 GC heap after
Heap after GC invocations=2 (full 0):
 PSYoungGen      total 38912K, used 2095K [0x0000000168800000, 0x000000016b300000, 0x0000000193300000)
  eden space 33792K, 0% used [0x0000000168800000,0x0000000168800000,0x000000016a900000)
  from space 5120K, 40% used [0x000000016ae00000,0x000000016b00bd10,0x000000016b300000)
  to   space 5120K, 0% used [0x000000016a900000,0x000000016a900000,0x000000016ae00000)
 ParOldGen       total 87040K, used 16K [0x0000000113300000, 0x0000000118800000, 0x0000000168800000)
  object space 87040K, 0% used [0x0000000113300000,0x0000000113304000,0x0000000118800000)
 PSPermGen       total 21504K, used 10124K [0x000000010e100000, 0x000000010f600000, 0x0000000113300000)
  object space 21504K, 47% used [0x000000010e100000,0x000000010eae31a0,0x000000010f600000)
}

Deoptimization events (4 events):
Event: 3.735 Thread 0x00007fb6040d6800 Uncommon trap: reason=class_check action=maybe_recompile pc=0x000000010afe60d0 method=java.lang.String.equals(Ljava/lang/Object;)Z @ 8
Event: 3.735 Thread 0x00007fb6040d6800 Uncommon trap: reason=class_check action=maybe_recompile pc=0x000000010afe60d0 method=java.lang.String.equals(Ljava/lang/Object;)Z @ 8
Event: 3.889 Thread 0x00007fb6040d6800 Uncommon trap: reason=class_check action=maybe_recompile pc=0x000000010afe60d0 method=java.lang.String.equals(Ljava/lang/Object;)Z @ 8
Event: 3.889 Thread 0x00007fb6040d6800 Uncommon trap: reason=class_check action=maybe_recompile pc=0x000000010afe60d0 method=java.lang.String.equals(Ljava/lang/Object;)Z @ 8

Internal exceptions (10 events):
Event: 0.250 Thread 0x00007fb603807000 Threw 0x0000000168942f20 at /HUDSON/workspace/7u-2-build-macosx-x86_64/jdk7u51/527/hotspot/src/share/vm/prims/jvm.cpp:1244
Event: 0.252 Thread 0x00007fb603807000 Threw 0x0000000168b50a18 at /HUDSON/workspace/7u-2-build-macosx-x86_64/jdk7u51/527/hotspot/src/share/vm/prims/jvm.cpp:1244
Event: 0.252 Thread 0x00007fb603807000 Threw 0x0000000168b50c40 at /HUDSON/workspace/7u-2-build-macosx-x86_64/jdk7u51/527/hotspot/src/share/vm/prims/jvm.cpp:1244
Event: 0.252 Thread 0x00007fb603807000 Threw 0x0000000168b53f10 at /HUDSON/workspace/7u-2-build-macosx-x86_64/jdk7u51/527/hotspot/src/share/vm/prims/jvm.cpp:1244
Event: 0.252 Thread 0x00007fb603807000 Threw 0x0000000168b54138 at /HUDSON/workspace/7u-2-build-macosx-x86_64/jdk7u51/527/hotspot/src/share/vm/prims/jvm.cpp:1244
Event: 0.253 Thread 0x00007fb603807000 Threw 0x0000000168b59690 at /HUDSON/workspace/7u-2-build-macosx-x86_64/jdk7u51/527/hotspot/src/share/vm/prims/jvm.cpp:1244
Event: 0.254 Thread 0x00007fb603807000 Threw 0x0000000168b5c1e0 at /HUDSON/workspace/7u-2-build-macosx-x86_64/jdk7u51/527/hotspot/src/share/vm/prims/jvm.cpp:1244
Event: 0.255 Thread 0x00007fb603807000 Threw 0x0000000168b69f28 at /HUDSON/workspace/7u-2-build-macosx-x86_64/jdk7u51/527/hotspot/src/share/vm/prims/jvm.cpp:1244
Event: 0.255 Thread 0x00007fb603807000 Threw 0x0000000168b6d548 at /HUDSON/workspace/7u-2-build-macosx-x86_64/jdk7u51/527/hotspot/src/share/vm/prims/jvm.cpp:1244
Event: 0.778 Thread 0x00007fb603807000 Threw 0x0000000168d91d88 at /HUDSON/workspace/7u-2-build-macosx-x86_64/jdk7u51/527/hotspot/src/share/vm/prims/jvm.cpp:1244

Events (10 events):
Event: 62.831 loading class 0x00007fb60380cd30
Event: 62.831 loading class 0x00007fb60380cd30 done
Event: 62.831 loading class 0x00007fb60289a2b0
Event: 62.831 loading class 0x00007fb60289a2b0 done
Event: 71.104 loading class 0x00007fb6048d07e0
Event: 71.104 loading class 0x00007fb6048d07e0 done
Event: 8944.371 Executing VM operation: ParallelGCFailedAllocation
Event: 8944.378 Executing VM operation: ParallelGCFailedAllocation done
Event: 8944.951 Executing VM operation: ParallelGCFailedAllocation
Event: 8944.955 Executing VM operation: ParallelGCFailedAllocation done


Dynamic libraries:
0x000000000b3cd000 	/System/Library/Frameworks/Cocoa.framework/Versions/A/Cocoa
0x000000000b3cd000 	/System/Library/Frameworks/Security.framework/Versions/A/Security
0x000000000b3cd000 	/System/Library/Frameworks/ApplicationServices.framework/Versions/A/ApplicationServices
0x000000000b3cd000 	/usr/lib/libz.1.dylib
0x000000000b3cd000 	/usr/lib/libSystem.B.dylib
0x000000000b3cd000 	/usr/lib/libobjc.A.dylib
0x000000000b3cd000 	/System/Library/Frameworks/CoreFoundation.framework/Versions/A/CoreFoundation
0x000000000b3cd000 	/System/Library/Frameworks/Foundation.framework/Versions/C/Foundation
0x000000000b3cd000 	/System/Library/Frameworks/AppKit.framework/Versions/C/AppKit
0x000000000b3cd000 	/System/Library/Frameworks/CoreData.framework/Versions/A/CoreData
0x000000000b3cd000 	/System/Library/PrivateFrameworks/RemoteViewServices.framework/Versions/A/RemoteViewServices
0x000000000b3cd000 	/System/Library/Frameworks/AudioToolbox.framework/Versions/A/AudioToolbox
0x000000000b3cd000 	/System/Library/Frameworks/AudioUnit.framework/Versions/A/AudioUnit
0x000000000b3cd000 	/System/Library/PrivateFrameworks/DataDetectorsCore.framework/Versions/A/DataDetectorsCore
0x000000000b3cd000 	/System/Library/PrivateFrameworks/DesktopServicesPriv.framework/Versions/A/DesktopServicesPriv
0x000000000b3cd000 	/System/Library/Frameworks/Carbon.framework/Versions/A/Frameworks/HIToolbox.framework/Versions/A/HIToolbox
0x000000000b3cd000 	/System/Library/Frameworks/QuartzCore.framework/Versions/A/QuartzCore
0x000000000b3cd000 	/System/Library/Frameworks/Carbon.framework/Versions/A/Frameworks/SpeechRecognition.framework/Versions/A/SpeechRecognition
0x000000000b3cd000 	/usr/lib/libauto.dylib
0x000000000b3cd000 	/usr/lib/libicucore.A.dylib
0x000000000b3cd000 	/usr/lib/libxml2.2.dylib
0x000000000b3cd000 	/System/Library/PrivateFrameworks/CoreUI.framework/Versions/A/CoreUI
0x000000000b3cd000 	/System/Library/Frameworks/CoreAudio.framework/Versions/A/CoreAudio
0x000000000b3cd000 	/System/Library/Frameworks/DiskArbitration.framework/Versions/A/DiskArbitration
0x000000000b3cd000 	/usr/lib/liblangid.dylib
0x000000000b3cd000 	/System/Library/PrivateFrameworks/MultitouchSupport.framework/Versions/A/MultitouchSupport
0x000000000b3cd000 	/System/Library/Frameworks/IOKit.framework/Versions/A/IOKit
0x000000000b3cd000 	/usr/lib/libDiagnosticMessagesClient.dylib
0x000000000b3cd000 	/System/Library/Frameworks/CoreServices.framework/Versions/A/CoreServices
0x000000000b3cd000 	/System/Library/PrivateFrameworks/PerformanceAnalysis.framework/Versions/A/PerformanceAnalysis
0x000000000b3cd000 	/System/Library/PrivateFrameworks/GenerationalStorage.framework/Versions/A/GenerationalStorage
0x000000000b3cd000 	/System/Library/Frameworks/OpenGL.framework/Versions/A/OpenGL
0x000000000b3cd000 	/System/Library/Frameworks/CoreText.framework/Versions/A/CoreText
0x000000000b3cd000 	/System/Library/Frameworks/ImageIO.framework/Versions/A/ImageIO
0x000000000b3cd000 	/System/Library/PrivateFrameworks/Backup.framework/Versions/A/Backup
0x000000000b3cd000 	/System/Library/Frameworks/CFNetwork.framework/Versions/A/CFNetwork
0x000000000b3cd000 	/System/Library/Frameworks/SystemConfiguration.framework/Versions/A/SystemConfiguration
0x000000000b3cd000 	/usr/lib/libCRFSuite.dylib
0x000000000b3cd000 	/System/Library/PrivateFrameworks/TCC.framework/Versions/A/TCC
0x000000000b3cd000 	/usr/lib/libc++.1.dylib
0x000000000b3cd000 	/usr/lib/libc++abi.dylib
0x000000000b3cd000 	/usr/lib/system/libcache.dylib
0x000000000b3cd000 	/usr/lib/system/libcommonCrypto.dylib
0x000000000b3cd000 	/usr/lib/system/libcompiler_rt.dylib
0x000000000b3cd000 	/usr/lib/system/libcopyfile.dylib
0x000000000b3cd000 	/usr/lib/system/libdispatch.dylib
0x000000000b3cd000 	/usr/lib/system/libdnsinfo.dylib
0x000000000b3cd000 	/usr/lib/system/libdyld.dylib
0x000000000b3cd000 	/usr/lib/system/libkeymgr.dylib
0x000000000b3cd000 	/usr/lib/system/liblaunch.dylib
0x000000000b3cd000 	/usr/lib/system/libmacho.dylib
0x000000000b3cd000 	/usr/lib/system/libquarantine.dylib
0x000000000b3cd000 	/usr/lib/system/libremovefile.dylib
0x000000000b3cd000 	/usr/lib/system/libsystem_blocks.dylib
0x000000000b3cd000 	/usr/lib/system/libsystem_c.dylib
0x000000000b3cd000 	/usr/lib/system/libsystem_dnssd.dylib
0x000000000b3cd000 	/usr/lib/system/libsystem_info.dylib
0x000000000b3cd000 	/usr/lib/system/libsystem_kernel.dylib
0x000000000b3cd000 	/usr/lib/system/libsystem_m.dylib
0x000000000b3cd000 	/usr/lib/system/libsystem_network.dylib
0x000000000b3cd000 	/usr/lib/system/libsystem_notify.dylib
0x000000000b3cd000 	/usr/lib/system/libsystem_sandbox.dylib
0x000000000b3cd000 	/usr/lib/system/libunc.dylib
0x000000000b3cd000 	/usr/lib/system/libunwind.dylib
0x000000000b3cd000 	/usr/lib/system/libxpc.dylib
0x000000000b3cd000 	/usr/lib/system/libcorecrypto.dylib
0x000000000b3cd000 	/usr/lib/libstdc++.6.dylib
0x000000000b3cd000 	/usr/lib/libbsm.0.dylib
0x000000000b3cd000 	/usr/lib/libsqlite3.dylib
0x000000000b3cd000 	/usr/lib/libxar.1.dylib
0x000000000b3cd000 	/usr/lib/libpam.2.dylib
0x000000000b3cd000 	/usr/lib/libOpenScriptingUtil.dylib
0x000000000b3cd000 	/usr/lib/libbz2.1.0.dylib
0x000000000b3cd000 	/System/Library/Frameworks/CoreServices.framework/Versions/A/Frameworks/CarbonCore.framework/Versions/A/CarbonCore
0x000000000b3cd000 	/System/Library/Frameworks/CoreServices.framework/Versions/A/Frameworks/Metadata.framework/Versions/A/Metadata
0x000000000b3cd000 	/System/Library/Frameworks/CoreServices.framework/Versions/A/Frameworks/OSServices.framework/Versions/A/OSServices
0x000000000b3cd000 	/System/Library/Frameworks/CoreServices.framework/Versions/A/Frameworks/SearchKit.framework/Versions/A/SearchKit
0x000000000b3cd000 	/System/Library/Frameworks/CoreServices.framework/Versions/A/Frameworks/AE.framework/Versions/A/AE
0x000000000b3cd000 	/System/Library/Frameworks/CoreServices.framework/Versions/A/Frameworks/LaunchServices.framework/Versions/A/LaunchServices
0x000000000b3cd000 	/System/Library/Frameworks/CoreServices.framework/Versions/A/Frameworks/DictionaryServices.framework/Versions/A/DictionaryServices
0x000000000b3cd000 	/System/Library/Frameworks/NetFS.framework/Versions/A/NetFS
0x000000000b3cd000 	/usr/lib/system/libkxld.dylib
0x000000000b3cd000 	/System/Library/PrivateFrameworks/NetAuth.framework/Versions/A/NetAuth
0x000000000b3cd000 	/System/Library/Frameworks/OpenDirectory.framework/Versions/A/Frameworks/CFOpenDirectory.framework/Versions/A/CFOpenDirectory
0x000000000b3cd000 	/usr/lib/libxslt.1.dylib
0x000000000b3cd000 	/System/Library/PrivateFrameworks/FamilyControls.framework/Versions/A/FamilyControls
0x000000000b3cd000 	/System/Library/Frameworks/Carbon.framework/Versions/A/Frameworks/Ink.framework/Versions/A/Ink
0x000000000b3cd000 	/System/Library/Frameworks/ApplicationServices.framework/Versions/A/Frameworks/CoreGraphics.framework/Versions/A/CoreGraphics
0x000000000b3cd000 	/System/Library/Frameworks/ApplicationServices.framework/Versions/A/Frameworks/ATS.framework/Versions/A/ATS
0x000000000b3cd000 	/System/Library/Frameworks/ApplicationServices.framework/Versions/A/Frameworks/ColorSync.framework/Versions/A/ColorSync
0x000000000b3cd000 	/System/Library/Frameworks/ApplicationServices.framework/Versions/A/Frameworks/HIServices.framework/Versions/A/HIServices
0x000000000b3cd000 	/System/Library/Frameworks/ApplicationServices.framework/Versions/A/Frameworks/LangAnalysis.framework/Versions/A/LangAnalysis
0x000000000b3cd000 	/System/Library/Frameworks/ApplicationServices.framework/Versions/A/Frameworks/PrintCore.framework/Versions/A/PrintCore
0x000000000b3cd000 	/System/Library/Frameworks/ApplicationServices.framework/Versions/A/Frameworks/QD.framework/Versions/A/QD
0x000000000b3cd000 	/System/Library/Frameworks/ApplicationServices.framework/Versions/A/Frameworks/SpeechSynthesis.framework/Versions/A/SpeechSynthesis
0x000000000b3cd000 	/System/Library/Frameworks/IOSurface.framework/Versions/A/IOSurface
0x000000000b3cd000 	/System/Library/Frameworks/Accelerate.framework/Versions/A/Accelerate
0x000000000b3cd000 	/System/Library/Frameworks/ApplicationServices.framework/Versions/A/Frameworks/ATS.framework/Versions/A/Resources/libFontParser.dylib
0x000000000b3cd000 	/System/Library/Frameworks/ApplicationServices.framework/Versions/A/Frameworks/ATS.framework/Versions/A/Resources/libFontRegistry.dylib
0x000000000b3cd000 	/System/Library/Frameworks/Accelerate.framework/Versions/A/Frameworks/vImage.framework/Versions/A/vImage
0x000000000b3cd000 	/System/Library/Frameworks/Accelerate.framework/Versions/A/Frameworks/vecLib.framework/Versions/A/vecLib
0x000000000b3cd000 	/System/Library/Frameworks/Accelerate.framework/Versions/A/Frameworks/vecLib.framework/Versions/A/libvDSP.dylib
0x000000000b3cd000 	/System/Library/Frameworks/Accelerate.framework/Versions/A/Frameworks/vecLib.framework/Versions/A/libvMisc.dylib
0x000000000b3cd000 	/System/Library/Frameworks/Accelerate.framework/Versions/A/Frameworks/vecLib.framework/Versions/A/libLAPACK.dylib
0x000000000b3cd000 	/System/Library/Frameworks/Accelerate.framework/Versions/A/Frameworks/vecLib.framework/Versions/A/libBLAS.dylib
0x000000000b3cd000 	/System/Library/Frameworks/ImageIO.framework/Versions/A/Resources/libJPEG.dylib
0x000000000b3cd000 	/System/Library/Frameworks/ImageIO.framework/Versions/A/Resources/libTIFF.dylib
0x000000000b3cd000 	/System/Library/Frameworks/ImageIO.framework/Versions/A/Resources/libPng.dylib
0x000000000b3cd000 	/System/Library/Frameworks/ImageIO.framework/Versions/A/Resources/libGIF.dylib
0x000000000b3cd000 	/System/Library/Frameworks/ImageIO.framework/Versions/A/Resources/libJP2.dylib
0x000000000b3cd000 	/System/Library/Frameworks/ImageIO.framework/Versions/A/Resources/libRadiance.dylib
0x000000000b3cd000 	/usr/lib/libcups.2.dylib
0x000000000b3cd000 	/System/Library/Frameworks/Kerberos.framework/Versions/A/Kerberos
0x000000000b3cd000 	/System/Library/Frameworks/GSS.framework/Versions/A/GSS
0x000000000b3cd000 	/usr/lib/libresolv.9.dylib
0x000000000b3cd000 	/usr/lib/libiconv.2.dylib
0x000000000b3cd000 	/System/Library/PrivateFrameworks/Heimdal.framework/Versions/A/Heimdal
0x000000000b3cd000 	/System/Library/PrivateFrameworks/TrustEvaluationAgent.framework/Versions/A/TrustEvaluationAgent
0x000000000b3cd000 	/System/Library/Frameworks/OpenDirectory.framework/Versions/A/OpenDirectory
0x000000000b3cd000 	/System/Library/PrivateFrameworks/CommonAuth.framework/Versions/A/CommonAuth
0x000000000b3cd000 	/System/Library/PrivateFrameworks/Bom.framework/Versions/A/Bom
0x000000000b3cd000 	/System/Library/Frameworks/CoreVideo.framework/Versions/A/CoreVideo
0x000000000b3cd000 	/System/Library/Frameworks/QuartzCore.framework/Versions/A/Frameworks/CoreImage.framework/Versions/A/CoreImage
0x000000000b3cd000 	/System/Library/Frameworks/QuartzCore.framework/Versions/A/Frameworks/ScalableUserInterface.framework/Versions/A/ScalableUserInterface
0x000000000b3cd000 	/System/Library/Frameworks/OpenGL.framework/Versions/A/Libraries/libGLU.dylib
0x000000000b3cd000 	/System/Library/Frameworks/OpenGL.framework/Versions/A/Libraries/libGFXShared.dylib
0x000000000b3cd000 	/System/Library/Frameworks/OpenGL.framework/Versions/A/Libraries/libGL.dylib
0x000000000b3cd000 	/System/Library/Frameworks/OpenGL.framework/Versions/A/Libraries/libGLImage.dylib
0x000000000b3cd000 	/System/Library/Frameworks/OpenGL.framework/Versions/A/Libraries/libCVMSPluginSupport.dylib
0x000000000b3cd000 	/System/Library/Frameworks/OpenGL.framework/Versions/A/Libraries/libCoreVMClient.dylib
0x000000000b3cd000 	/System/Library/PrivateFrameworks/CrashReporterSupport.framework/Versions/A/CrashReporterSupport
0x000000000b3cd000 	/System/Library/Frameworks/OpenCL.framework/Versions/A/OpenCL
0x000000000b3cd000 	/System/Library/PrivateFrameworks/FaceCoreLight.framework/Versions/A/FaceCoreLight
0x000000000b3cd000 	/System/Library/PrivateFrameworks/AppleFSCompression.framework/Versions/A/AppleFSCompression
0x000000000b3cd000 	/System/Library/PrivateFrameworks/Ubiquity.framework/Versions/A/Ubiquity
0x000000000b3cd000 	/System/Library/Frameworks/ServiceManagement.framework/Versions/A/ServiceManagement
0x000000000b3cd000 	/System/Library/PrivateFrameworks/ChunkingLibrary.framework/Versions/A/ChunkingLibrary
0x000000000b3cd000 	/System/Library/Frameworks/vecLib.framework/Versions/A/vecLib
0x000000000b3cd000 	/System/Library/Frameworks/SecurityFoundation.framework/Versions/A/SecurityFoundation
0x000000000b3cd000 	/System/Library/PrivateFrameworks/CommerceKit.framework/Versions/A/Frameworks/CommerceCore.framework/Versions/A/CommerceCore
0x000000000b3cd000 	/System/Library/PrivateFrameworks/CoreSymbolication.framework/Versions/A/CoreSymbolication
0x000000000b3cd000 	/System/Library/PrivateFrameworks/Symbolication.framework/Versions/A/Symbolication
0x000000000b3cd000 	/System/Library/PrivateFrameworks/DebugSymbols.framework/Versions/A/DebugSymbols
0x000000010a346000 	/Library/Java/JavaVirtualMachines/jdk1.7.0_51.jdk/Contents/Home/jre/lib/server/libjvm.dylib
0x000000010ae9c000 	/Library/Java/JavaVirtualMachines/jdk1.7.0_51.jdk/Contents/Home/jre/lib/libverify.dylib
0x000000010aea9000 	/Library/Java/JavaVirtualMachines/jdk1.7.0_51.jdk/Contents/Home/jre/lib/libjava.dylib
0x000000010af66000 	/Library/Java/JavaVirtualMachines/jdk1.7.0_51.jdk/Contents/Home/jre/lib/libzip.dylib
0x0000000199a5c000 	/System/Library/Frameworks/JavaVM.framework/Frameworks/JavaRuntimeSupport.framework/JavaRuntimeSupport
0x0000000199a74000 	/System/Library/Frameworks/JavaVM.framework/Versions/A/Frameworks/JavaNativeFoundation.framework/Versions/A/JavaNativeFoundation
0x0000000199a89000 	/System/Library/Frameworks/JavaVM.framework/Versions/A/JavaVM
0x000000000b3cd000 	/System/Library/Frameworks/Carbon.framework/Versions/A/Carbon
0x0000000199a96000 	/System/Library/PrivateFrameworks/JavaLaunching.framework/Versions/A/JavaLaunching
0x000000000b3cd000 	/System/Library/Frameworks/Carbon.framework/Versions/A/Frameworks/CommonPanels.framework/Versions/A/CommonPanels
0x000000000b3cd000 	/System/Library/Frameworks/Carbon.framework/Versions/A/Frameworks/Help.framework/Versions/A/Help
0x000000000b3cd000 	/System/Library/Frameworks/Carbon.framework/Versions/A/Frameworks/ImageCapture.framework/Versions/A/ImageCapture
0x000000000b3cd000 	/System/Library/Frameworks/Carbon.framework/Versions/A/Frameworks/OpenScripting.framework/Versions/A/OpenScripting
0x000000000b3cd000 	/System/Library/Frameworks/Carbon.framework/Versions/A/Frameworks/Print.framework/Versions/A/Print
0x000000000b3cd000 	/System/Library/Frameworks/Carbon.framework/Versions/A/Frameworks/SecurityHI.framework/Versions/A/SecurityHI
0x000000019a32a000 	/Applications/IntelliJ IDEA 13 CE.app/bin/libbreakgen64.jnilib
0x000000019a430000 	/Library/Java/JavaVirtualMachines/jdk1.7.0_51.jdk/Contents/Home/jre/lib/libnet.dylib
0x000000019a48d000 	/Library/Java/JavaVirtualMachines/jdk1.7.0_51.jdk/Contents/Home/jre/lib/libawt.dylib
0x000000019a53c000 	/Library/Java/JavaVirtualMachines/jdk1.7.0_51.jdk/Contents/Home/jre/lib/./libmlib_image.dylib
0x000000019a608000 	/Library/Java/JavaVirtualMachines/jdk1.7.0_51.jdk/Contents/Home/jre/lib/lwawt/liblwawt.dylib
0x000000019a6bc000 	/Library/Java/JavaVirtualMachines/jdk1.7.0_51.jdk/Contents/Home/jre/lib/libosxapp.dylib
0x000000019a6d6000 	/System/Library/Frameworks/ExceptionHandling.framework/Versions/A/ExceptionHandling
0x000000000b3cd000 	/System/Library/PrivateFrameworks/CoreServicesInternal.framework/Versions/A/CoreServicesInternal
0x000000000b3cd000 	/System/Library/PrivateFrameworks/Librarian.framework/Versions/A/Librarian
0x000000000b3cd000 	/System/Library/Frameworks/ApplicationServices.framework/Versions/A/Frameworks/CoreGraphics.framework/Versions/A/Resources/libCSync.A.dylib
0x000000000b3cd000 	/System/Library/Frameworks/ApplicationServices.framework/Versions/A/Frameworks/CoreGraphics.framework/Versions/A/Resources/libRIP.A.dylib
0x000000000b3cd000 	/System/Library/Frameworks/ApplicationServices.framework/Versions/A/Frameworks/CoreGraphics.framework/Versions/A/Resources/libCGXType.A.dylib
0x000000019e137000 	/System/Library/Frameworks/OpenGL.framework/Resources/GLEngine.bundle/GLEngine
0x000000019e32c000 	/System/Library/Frameworks/OpenGL.framework/Versions/A/Libraries/libGLProgrammability.dylib
0x000000019e4d4000 	/System/Library/Extensions/AppleIntelHD4000GraphicsGLDriver.bundle/Contents/MacOS/AppleIntelHD4000GraphicsGLDriver
0x000000019bab9000 	/System/Library/PrivateFrameworks/IOAccelerator.framework/Versions/A/IOAccelerator
0x000000019bac6000 	/System/Library/PrivateFrameworks/GPUSupport.framework/Versions/A/Libraries/libGPUSupportMercury.dylib
0x000000019eecf000 	/System/Library/Frameworks/OpenGL.framework/Resources//GLRendererFloat.bundle/GLRendererFloat
0x000000019c82e000 	/System/Library/Frameworks/OpenCL.framework/Versions/A/Libraries/libcldcpuengine.dylib
0x000000000b3cd000 	/System/Library/PrivateFrameworks/DiskImages.framework/Versions/A/DiskImages
0x000000000b3cd000 	/System/Library/Frameworks/DiscRecording.framework/Versions/A/DiscRecording
0x000000000b3cd000 	/usr/lib/libcurl.4.dylib
0x000000000b3cd000 	/System/Library/PrivateFrameworks/MediaKit.framework/Versions/A/MediaKit
0x000000000b3cd000 	/usr/lib/libssl.0.9.8.dylib
0x000000000b3cd000 	/usr/lib/libcrypto.0.9.8.dylib
0x000000000b3cd000 	/System/Library/Frameworks/LDAP.framework/Versions/A/LDAP
0x000000000b3cd000 	/usr/lib/libsasl2.2.dylib
0x000000019fb47000 	/Library/Java/JavaVirtualMachines/jdk1.7.0_51.jdk/Contents/Home/jre/lib/libfontmanager.dylib
0x000000019fbae000 	/Library/Java/JavaVirtualMachines/jdk1.7.0_51.jdk/Contents/Home/jre/lib/libosxui.dylib
0x00000001a1422000 	/Library/Java/JavaVirtualMachines/jdk1.7.0_51.jdk/Contents/Home/jre/lib/libnio.dylib

VM Arguments:
jvm_args: -Didea.launcher.port=7532 -Didea.launcher.bin.path=/Applications/IntelliJ IDEA 13 CE.app/bin -Dfile.encoding=UTF-8 
java_command: com.intellij.rt.execution.application.AppMain ChatClient 127.0.0.1 5027
Launcher Type: SUN_STANDARD

Environment Variables:
PATH=/Users/elizabethengelman/.rvm/gems/ruby-1.9.3-p448/bin:/Users/elizabethengelman/.rvm/gems/ruby-1.9.3-p448@global/bin:/Users/elizabethengelman/.rvm/rubies/ruby-1.9.3-p448/bin:/Users/elizabethengelman/.rvm/bin:/usr/local/bin:/usr/local/sbin:~/bin:/usr/local/bin:/usr/local/sbin:/Users/elizabethengelman/bin:/usr/bin:/bin:/usr/sbin:/sbin:/usr/local/bin
SHELL=/bin/bash

Signal Handlers:
SIGSEGV: [libjvm.dylib+0x525425], sa_mask[0]=0xfffefeff, sa_flags=0x00000043
SIGBUS: [libjvm.dylib+0x525425], sa_mask[0]=0xfffefeff, sa_flags=0x00000042
SIGFPE: [libjvm.dylib+0x41892a], sa_mask[0]=0xfffefeff, sa_flags=0x00000042
SIGPIPE: [libjvm.dylib+0x41892a], sa_mask[0]=0xfffefeff, sa_flags=0x00000042
SIGXFSZ: [libjvm.dylib+0x41892a], sa_mask[0]=0xfffefeff, sa_flags=0x00000042
SIGILL: [libjvm.dylib+0x41892a], sa_mask[0]=0xfffefeff, sa_flags=0x00000042
SIGUSR1: SIG_DFL, sa_mask[0]=0x00000000, sa_flags=0x00000002
SIGUSR2: [libjvm.dylib+0x41841c], sa_mask[0]=0x00000004, sa_flags=0x00000042
SIGHUP: [libjvm.dylib+0x4166ab], sa_mask[0]=0xfffefeff, sa_flags=0x00000042
SIGINT: [libjvm.dylib+0x4166ab], sa_mask[0]=0xfffefeff, sa_flags=0x00000042
SIGTERM: [libjvm.dylib+0x4166ab], sa_mask[0]=0xfffefeff, sa_flags=0x00000042
SIGQUIT: [libjvm.dylib+0x4166ab], sa_mask[0]=0xfffefeff, sa_flags=0x00000042


---------------  S Y S T E M  ---------------

OS:Bsduname:Darwin 12.5.0 Darwin Kernel Version 12.5.0: Sun Sep 29 13:33:47 PDT 2013; root:xnu-2050.48.12~1/RELEASE_X86_64 x86_64
rlimit: STACK 8192k, CORE 0k, NPROC 709, NOFILE 10240, AS infinity
load average:2.57 3.13 3.33

CPU:total 4 (2 cores per cpu, 2 threads per core) family 6 model 58 stepping 9, cmov, cx8, fxsr, mmx, sse, sse2, sse3, ssse3, sse4.1, sse4.2, popcnt, avx, aes, erms, ht, tsc, tscinvbit, tscinv

Memory: 4k page, physical 8388608k(2097152k free)

/proc/meminfo:


vm_info: Java HotSpot(TM) 64-Bit Server VM (24.51-b03) for bsd-amd64 JRE (1.7.0_51-b13), built on Dec 18 2013 18:45:56 by "java_re" with gcc 4.2.1 (Based on Apple Inc. build 5658) (LLVM build 2336.11.00)

time: Wed Feb 26 22:58:19 2014
elapsed time: 8945 seconds

